<?xml version="1.0" encoding="UTF-8"?>
<testng-results ignored="0" total="1" passed="1" failed="0" skipped="0">
  <reporter-output>
  </reporter-output>
  <suite started-at="2024-02-12T21:34:08 IST" name="Default suite" finished-at="2024-02-12T21:34:20 IST" duration-ms="11483">
    <groups>
    </groups>
    <test started-at="2024-02-12T21:34:08 IST" name="Default test" finished-at="2024-02-12T21:34:20 IST" duration-ms="11483">
      <class name="TesCase.sample1Test">
        <test-method signature="testCase()[pri:0, instance:TesCase.sample1Test@245b4bdc]" started-at="2024-02-12T21:34:09 IST" name="testCase" finished-at="2024-02-12T21:34:20 IST" duration-ms="11375" status="PASS">
          <reporter-output>
          </reporter-output>
        </test-method> <!-- testCase -->
      </class> <!-- TesCase.sample1Test -->
    </test> <!-- Default test -->
  </suite> <!-- Default suite -->
</testng-results>
